<?xml version="1.0"?><coverage lines-covered="145" lines-valid="440" line-rate="0.32954545454545453" branches-covered="0" branches-valid="0" branch-rate="0" complexity="0" version="1.9" timestamp="1772629147"><sources><source>/Users/ola.wahab/Desktop/work/personal/quiver/quiver-core</source></sources><packages><package name="src/adapters" line-rate="0.38" branch-rate="0" complexity="0"><classes><class name="memory" filename="src/adapters/memory.rs" line-rate="0.5407407407407407" branch-rate="0" complexity="0"><methods/><lines><line number="29" hits="10"/><line number="30" hits="10"/><line number="31" hits="8"/><line number="32" hits="2"/><line number="33" hits="0"/><line number="34" hits="0"/><line number="35" hits="0"/><line number="55" hits="14"/><line number="57" hits="14"/><line number="62" hits="8"/><line number="68" hits="16"/><line number="70" hits="32"/><line number="71" hits="104"/><line number="72" hits="64"/><line number="73" hits="64"/><line number="74" hits="272"/><line number="75" hits="32"/><line number="79" hits="8"/><line number="83" hits="0"/><line number="89" hits="0"/><line number="90" hits="0"/><line number="91" hits="0"/><line number="92" hits="0"/><line number="93" hits="0"/><line number="107" hits="16"/><line number="113" hits="32"/><line number="114" hits="76"/><line number="115" hits="60"/><line number="116" hits="33"/><line number="117" hits="72"/><line number="119" hits="16"/><line number="120" hits="72"/><line number="125" hits="0"/><line number="126" hits="0"/><line number="132" hits="0"/><line number="133" hits="0"/><line number="136" hits="0"/><line number="137" hits="0"/><line number="163" hits="11"/><line number="164" hits="11"/><line number="165" hits="11"/><line number="166" hits="91"/><line number="167" hits="11"/><line number="174" hits="0"/><line number="177" hits="2"/><line number="180" hits="4"/><line number="181" hits="0"/><line number="182" hits="0"/><line number="185" hits="0"/><line number="186" hits="0"/><line number="187" hits="0"/><line number="195" hits="6"/><line number="196" hits="10"/><line number="206" hits="0"/><line number="207" hits="0"/><line number="208" hits="0"/><line number="210" hits="0"/><line number="211" hits="0"/><line number="212" hits="0"/><line number="213" hits="0"/><line number="224" hits="0"/><line number="225" hits="0"/><line number="226" hits="0"/><line number="227" hits="0"/><line number="243" hits="1"/><line number="258" hits="9"/><line number="263" hits="36"/><line number="264" hits="36"/><line number="266" hits="36"/><line number="267" hits="18"/><line number="268" hits="35"/><line number="269" hits="26"/><line number="271" hits="45"/><line number="273" hits="49"/><line number="274" hits="22"/><line number="276" hits="22"/><line number="278" hits="33"/><line number="279" hits="31"/><line number="280" hits="22"/><line number="282" hits="66"/><line number="283" hits="33"/><line number="284" hits="33"/><line number="287" hits="36"/><line number="288" hits="27"/><line number="291" hits="11"/><line number="296" hits="11"/><line number="298" hits="18"/><line number="299" hits="22"/><line number="300" hits="11"/><line number="301" hits="44"/><line number="302" hits="0"/><line number="303" hits="4"/><line number="306" hits="9"/><line number="307" hits="36"/><line number="308" hits="27"/><line number="312" hits="4"/><line number="313" hits="5"/><line number="314" hits="3"/><line number="315" hits="12"/><line number="316" hits="0"/><line number="317" hits="0"/><line number="320" hits="2"/><line number="321" hits="8"/><line number="322" hits="6"/><line number="326" hits="0"/><line number="327" hits="0"/><line number="328" hits="0"/><line number="329" hits="0"/><line number="330" hits="0"/><line number="333" hits="0"/><line number="334" hits="0"/><line number="335" hits="0"/><line number="339" hits="0"/><line number="340" hits="0"/><line number="341" hits="0"/><line number="342" hits="0"/><line number="343" hits="0"/><line number="346" hits="0"/><line number="347" hits="0"/><line number="348" hits="0"/><line number="351" hits="0"/><line number="352" hits="0"/><line number="353" hits="0"/><line number="358" hits="4"/><line number="359" hits="12"/><line number="360" hits="0"/><line number="362" hits="8"/><line number="363" hits="8"/><line number="365" hits="0"/><line number="366" hits="0"/><line number="368" hits="0"/><line number="369" hits="0"/><line number="371" hits="0"/><line number="372" hits="0"/><line number="374" hits="0"/></lines></class><class name="mod" filename="src/adapters/mod.rs" line-rate="0.15789473684210525" branch-rate="0" complexity="0"><methods/><lines><line number="33" hits="0"/><line number="34" hits="0"/><line number="35" hits="0"/><line number="36" hits="0"/><line number="38" hits="0"/><line number="39" hits="0"/><line number="40" hits="0"/><line number="41" hits="0"/><line number="70" hits="0"/><line number="72" hits="0"/><line number="73" hits="0"/><line number="77" hits="2"/><line number="79" hits="6"/><line number="80" hits="2"/><line number="84" hits="0"/><line number="86" hits="0"/><line number="87" hits="0"/><line number="91" hits="0"/><line number="93" hits="0"/></lines></class><class name="redis" filename="src/adapters/redis.rs" line-rate="0" branch-rate="0" complexity="0"><methods/><lines><line number="22" hits="0"/><line number="27" hits="0"/><line number="28" hits="0"/><line number="29" hits="0"/><line number="30" hits="0"/><line number="31" hits="0"/><line number="33" hits="0"/><line number="36" hits="0"/><line number="39" hits="0"/><line number="40" hits="0"/><line number="43" hits="0"/><line number="45" hits="0"/><line number="46" hits="0"/><line number="47" hits="0"/><line number="50" hits="0"/><line number="51" hits="0"/><line number="52" hits="0"/><line number="56" hits="0"/><line number="57" hits="0"/><line number="58" hits="0"/><line number="59" hits="0"/><line number="65" hits="0"/><line number="66" hits="0"/><line number="69" hits="0"/><line number="70" hits="0"/><line number="84" hits="0"/><line number="91" hits="0"/><line number="94" hits="0"/><line number="95" hits="0"/><line number="96" hits="0"/><line number="97" hits="0"/><line number="141" hits="0"/><line number="185" hits="0"/><line number="186" hits="0"/><line number="190" hits="0"/><line number="196" hits="0"/><line number="202" hits="0"/><line number="247" hits="0"/><line number="248" hits="0"/><line number="249" hits="0"/><line number="250" hits="0"/><line number="256" hits="0"/><line number="257" hits="0"/><line number="258" hits="0"/><line number="259" hits="0"/><line number="267" hits="0"/></lines></class></classes></package><package name="src" line-rate="0.32954545454545453" branch-rate="0" complexity="0"><classes><class name="config" filename="src/config.rs" line-rate="0.10526315789473684" branch-rate="0" complexity="0"><methods/><lines><line number="38" hits="0"/><line number="39" hits="0"/><line number="42" hits="0"/><line number="43" hits="0"/><line number="71" hits="2"/><line number="72" hits="2"/><line number="87" hits="0"/><line number="88" hits="0"/><line number="92" hits="0"/><line number="93" hits="0"/><line number="97" hits="0"/><line number="98" hits="0"/><line number="99" hits="0"/><line number="100" hits="0"/><line number="102" hits="0"/><line number="105" hits="0"/><line number="108" hits="0"/><line number="109" hits="0"/><line number="112" hits="0"/></lines></class><class name="main" filename="src/main.rs" line-rate="0" branch-rate="0" complexity="0"><methods/><lines><line number="21" hits="0"/><line number="22" hits="0"/><line number="24" hits="0"/><line number="28" hits="0"/><line number="29" hits="0"/><line number="31" hits="0"/><line number="32" hits="0"/><line number="35" hits="0"/><line number="36" hits="0"/><line number="37" hits="0"/><line number="38" hits="0"/><line number="39" hits="0"/><line number="41" hits="0"/><line number="44" hits="0"/><line number="47" hits="0"/><line number="49" hits="0"/><line number="51" hits="0"/><line number="52" hits="0"/><line number="53" hits="0"/><line number="54" hits="0"/><line number="55" hits="0"/><line number="58" hits="0"/><line number="59" hits="0"/><line number="60" hits="0"/><line number="61" hits="0"/><line number="62" hits="0"/><line number="63" hits="0"/><line number="64" hits="0"/><line number="65" hits="0"/><line number="66" hits="0"/><line number="67" hits="0"/><line number="68" hits="0"/><line number="70" hits="0"/><line number="71" hits="0"/><line number="72" hits="0"/><line number="76" hits="0"/><line number="77" hits="0"/><line number="80" hits="0"/><line number="81" hits="0"/><line number="82" hits="0"/><line number="83" hits="0"/><line number="84" hits="0"/><line number="85" hits="0"/><line number="86" hits="0"/><line number="90" hits="0"/><line number="91" hits="0"/><line number="92" hits="0"/><line number="94" hits="0"/><line number="95" hits="0"/><line number="96" hits="0"/><line number="97" hits="0"/><line number="98" hits="0"/><line number="104" hits="0"/><line number="106" hits="0"/><line number="107" hits="0"/><line number="109" hits="0"/><line number="111" hits="0"/><line number="112" hits="0"/><line number="115" hits="0"/><line number="118" hits="0"/><line number="134" hits="0"/><line number="136" hits="0"/><line number="137" hits="0"/><line number="138" hits="0"/><line number="139" hits="0"/><line number="140" hits="0"/><line number="141" hits="0"/><line number="144" hits="0"/><line number="145" hits="0"/><line number="148" hits="0"/><line number="149" hits="0"/><line number="152" hits="0"/><line number="153" hits="0"/><line number="154" hits="0"/><line number="155" hits="0"/><line number="156" hits="0"/><line number="157" hits="0"/><line number="160" hits="0"/><line number="161" hits="0"/><line number="162" hits="0"/><line number="163" hits="0"/><line number="164" hits="0"/><line number="165" hits="0"/><line number="167" hits="0"/><line number="168" hits="0"/><line number="169" hits="0"/><line number="170" hits="0"/><line number="172" hits="0"/><line number="176" hits="0"/><line number="177" hits="0"/><line number="178" hits="0"/><line number="179" hits="0"/><line number="180" hits="0"/><line number="181" hits="0"/><line number="183" hits="0"/></lines></class><class name="server" filename="src/server.rs" line-rate="0.21153846153846154" branch-rate="0" complexity="0"><methods/><lines><line number="23" hits="4"/><line number="39" hits="0"/><line number="51" hits="0"/><line number="54" hits="0"/><line number="55" hits="0"/><line number="56" hits="0"/><line number="57" hits="0"/><line number="58" hits="0"/><line number="60" hits="0"/><line number="64" hits="0"/><line number="75" hits="0"/><line number="76" hits="0"/><line number="83" hits="0"/><line number="89" hits="0"/><line number="94" hits="0"/><line number="140" hits="0"/><line number="141" hits="0"/><line number="148" hits="0"/><line number="153" hits="0"/><line number="165" hits="0"/><line number="166" hits="0"/><line number="180" hits="4"/><line number="184" hits="0"/><line number="185" hits="0"/><line number="186" hits="0"/><line number="195" hits="0"/><line number="198" hits="6"/><line number="200" hits="4"/><line number="201" hits="8"/><line number="219" hits="0"/><line number="220" hits="0"/><line number="221" hits="0"/><line number="227" hits="0"/><line number="228" hits="0"/><line number="234" hits="6"/><line number="236" hits="4"/><line number="237" hits="8"/><line number="243" hits="0"/><line number="247" hits="0"/><line number="250" hits="2"/><line number="251" hits="2"/><line number="252" hits="2"/><line number="271" hits="0"/><line number="272" hits="0"/><line number="278" hits="0"/><line number="281" hits="0"/><line number="282" hits="0"/><line number="293" hits="0"/><line number="296" hits="0"/><line number="298" hits="0"/><line number="322" hits="0"/><line number="330" hits="0"/></lines></class></classes></package><package name="src/resolver" line-rate="0.7619047619047619" branch-rate="0" complexity="0"><classes><class name="mod" filename="src/resolver/mod.rs" line-rate="0.7619047619047619" branch-rate="0" complexity="0"><methods/><lines><line number="15" hits="4"/><line number="18" hits="4"/><line number="22" hits="4"/><line number="23" hits="16"/><line number="26" hits="2"/><line number="33" hits="6"/><line number="34" hits="4"/><line number="35" hits="2"/><line number="36" hits="2"/><line number="37" hits="2"/><line number="39" hits="4"/><line number="41" hits="4"/><line number="42" hits="8"/><line number="43" hits="0"/><line number="44" hits="0"/><line number="45" hits="0"/><line number="52" hits="2"/><line number="54" hits="4"/><line number="55" hits="2"/><line number="56" hits="4"/><line number="57" hits="2"/><line number="59" hits="6"/><line number="61" hits="6"/><line number="62" hits="2"/><line number="63" hits="2"/><line number="65" hits="2"/><line number="68" hits="4"/><line number="72" hits="8"/><line number="73" hits="4"/><line number="74" hits="4"/><line number="75" hits="4"/><line number="78" hits="2"/><line number="82" hits="8"/><line number="84" hits="4"/><line number="85" hits="2"/><line number="87" hits="6"/><line number="88" hits="8"/><line number="89" hits="6"/><line number="90" hits="2"/><line number="91" hits="4"/><line number="92" hits="0"/><line number="93" hits="0"/><line number="94" hits="0"/><line number="95" hits="0"/><line number="97" hits="0"/><line number="98" hits="0"/><line number="99" hits="0"/><line number="100" hits="0"/><line number="104" hits="12"/><line number="108" hits="2"/><line number="111" hits="0"/><line number="112" hits="0"/><line number="114" hits="0"/><line number="115" hits="0"/><line number="118" hits="4"/><line number="119" hits="4"/><line number="120" hits="2"/><line number="121" hits="4"/><line number="122" hits="2"/><line number="124" hits="4"/><line number="126" hits="2"/><line number="127" hits="2"/><line number="128" hits="2"/></lines></class></classes></package><package name="" line-rate="0.32954545454545453" branch-rate="0" complexity="0"><classes></classes></package><package name="src/registry" line-rate="0.7272727272727273" branch-rate="0" complexity="0"><classes><class name="mod" filename="src/registry/mod.rs" line-rate="0.7272727272727273" branch-rate="0" complexity="0"><methods/><lines><line number="15" hits="4"/><line number="17" hits="4"/><line number="23" hits="4"/><line number="24" hits="4"/><line number="27" hits="4"/><line number="28" hits="20"/><line number="34" hits="6"/><line number="37" hits="12"/><line number="38" hits="0"/><line number="41" hits="0"/><line number="42" hits="0"/></lines></class></classes></package></packages></coverage>